-------------------------------------------------------------------------------
Test set: com.springboot.forent.FavoritesTest
-------------------------------------------------------------------------------
Tests run: 4, Failures: 0, Errors: 3, Skipped: 0, Time elapsed: 0.134 s <<< FAILURE! - in com.springboot.forent.FavoritesTest
testGetFavorite  Time elapsed: 0 s  <<< ERROR!
java.util.NoSuchElementException: No value present
	at com.springboot.forent.FavoritesTest.testGetFavorite(FavoritesTest.java:52)

testDeleteFavorites  Time elapsed: 0.033 s  <<< ERROR!
org.springframework.web.util.NestedServletException: Request processing failed; nested exception is org.springframework.dao.EmptyResultDataAccessException: No class com.springboot.forent.Favorites entity with id 6 exists!
	at com.springboot.forent.FavoritesTest.testDeleteFavorites(FavoritesTest.java:60)
Caused by: org.springframework.dao.EmptyResultDataAccessException: No class com.springboot.forent.Favorites entity with id 6 exists!
	at com.springboot.forent.FavoritesTest.testDeleteFavorites(FavoritesTest.java:60)

testPostFavorite  Time elapsed: 0.016 s  <<< ERROR!
java.util.NoSuchElementException: No value present
	at com.springboot.forent.FavoritesTest.testPostFavorite(FavoritesTest.java:43)

