<?xml version="1.0" encoding="UTF-8"?>
<testsuite xmlns:xsi="http://www.w3.org/2001/XMLSchema-instance" xsi:noNamespaceSchemaLocation="https://maven.apache.org/surefire/maven-surefire-plugin/xsd/surefire-test-report.xsd" name="com.springboot.forent.SchedulesTest" time="0.252" tests="4" errors="3" skipped="0" failures="0">
  <properties>
[...]
</properties>
  <testcase name="testPostSchedule" classname="com.springboot.forent.SchedulesTest" time="0.154">
    <error message="could not execute statement; SQL [n/a]; constraint [null]; nested exception is org.hibernate.exception.ConstraintViolationException: could not execute statement" type="org.springframework.dao.DataIntegrityViolationException">org.springframework.dao.DataIntegrityViolationException: could not execute statement; SQL [n/a]; constraint [null]; nested exception is org.hibernate.exception.ConstraintViolationException: could not execute statement
	at com.springboot.forent.SchedulesTest.testPostSchedule(SchedulesTest.java:36)
Caused by: org.hibernate.exception.ConstraintViolationException: could not execute statement
	at com.springboot.forent.SchedulesTest.testPostSchedule(SchedulesTest.java:36)
Caused by: java.sql.SQLIntegrityConstraintViolationException: Cannot add or update a child row: a foreign key constraint fails (`rentals`.`schedules`, CONSTRAINT `fk_schedules_id_property` FOREIGN KEY (`id_property`) REFERENCES `properties` (`id_property`))
	at com.springboot.forent.SchedulesTest.testPostSchedule(SchedulesTest.java:36)
</error>
    <system-out><![CDATA[2020-11-09 12:50:53.585  INFO 4844 --- [           main] .b.t.c.SpringBootTestContextBootstrapper : Neither @ContextConfiguration nor @ContextHierarchy found for test class [com.springboot.forent.SchedulesTest], using SpringBootContextLoader
2020-11-09 12:50:53.587  INFO 4844 --- [           main] o.s.t.c.support.AbstractContextLoader    : Could not detect default resource locations for test class [com.springboot.forent.SchedulesTest]: no resource found for suffixes {-context.xml, Context.groovy}.
2020-11-09 12:50:53.593  INFO 4844 --- [           main] .b.t.c.SpringBootTestContextBootstrapper : Loaded default TestExecutionListener class names from location [META-INF/spring.factories]: [org.springframework.boot.test.mock.mockito.MockitoTestExecutionListener, org.springframework.boot.test.mock.mockito.ResetMocksTestExecutionListener, org.springframework.boot.test.autoconfigure.restdocs.RestDocsTestExecutionListener, org.springframework.boot.test.autoconfigure.web.client.MockRestServiceServerResetTestExecutionListener, org.springframework.boot.test.autoconfigure.web.servlet.MockMvcPrintOnlyOnFailureTestExecutionListener, org.springframework.boot.test.autoconfigure.web.servlet.WebDriverTestExecutionListener, org.springframework.boot.test.autoconfigure.webservices.client.MockWebServiceServerTestExecutionListener, org.springframework.test.context.web.ServletTestExecutionListener, org.springframework.test.context.support.DirtiesContextBeforeModesTestExecutionListener, org.springframework.test.context.support.DependencyInjectionTestExecutionListener, org.springframework.test.context.support.DirtiesContextTestExecutionListener, org.springframework.test.context.transaction.TransactionalTestExecutionListener, org.springframework.test.context.jdbc.SqlScriptsTestExecutionListener, org.springframework.test.context.event.EventPublishingTestExecutionListener]
2020-11-09 12:50:53.594  INFO 4844 --- [           main] .b.t.c.SpringBootTestContextBootstrapper : Using TestExecutionListeners: [org.springframework.test.context.web.ServletTestExecutionListener@b841713, org.springframework.test.context.support.DirtiesContextBeforeModesTestExecutionListener@3fef1e6b, org.springframework.boot.test.mock.mockito.MockitoTestExecutionListener@4fee14b, org.springframework.boot.test.autoconfigure.SpringBootDependencyInjectionTestExecutionListener@11c3d22f, org.springframework.test.context.support.DirtiesContextTestExecutionListener@3a54638b, org.springframework.test.context.transaction.TransactionalTestExecutionListener@7d8f2eec, org.springframework.test.context.jdbc.SqlScriptsTestExecutionListener@e886caf, org.springframework.test.context.event.EventPublishingTestExecutionListener@1d585fb, org.springframework.boot.test.mock.mockito.ResetMocksTestExecutionListener@1884e671, org.springframework.boot.test.autoconfigure.restdocs.RestDocsTestExecutionListener@1c7843c3, org.springframework.boot.test.autoconfigure.web.client.MockRestServiceServerResetTestExecutionListener@5158a9f7, org.springframework.boot.test.autoconfigure.web.servlet.MockMvcPrintOnlyOnFailureTestExecutionListener@7c8f047a, org.springframework.boot.test.autoconfigure.web.servlet.WebDriverTestExecutionListener@4387d2f4, org.springframework.boot.test.autoconfigure.webservices.client.MockWebServiceServerTestExecutionListener@1dbff71c]
2020-11-09 12:50:53.795  WARN 4844 --- [           main] o.h.engine.jdbc.spi.SqlExceptionHelper   : SQL Error: 1452, SQLState: 23000
2020-11-09 12:50:53.796 ERROR 4844 --- [           main] o.h.engine.jdbc.spi.SqlExceptionHelper   : Cannot add or update a child row: a foreign key constraint fails (`rentals`.`schedules`, CONSTRAINT `fk_schedules_id_property` FOREIGN KEY (`id_property`) REFERENCES `properties` (`id_property`))
]]></system-out>
  </testcase>
  <testcase name="test" classname="com.springboot.forent.SchedulesTest" time="0.009"/>
  <testcase name="testDeleteSchedule" classname="com.springboot.forent.SchedulesTest" time="0.021">
    <error message="Request processing failed; nested exception is org.springframework.dao.EmptyResultDataAccessException: No class com.springboot.forent.Schedules entity with id 4 exists!" type="org.springframework.web.util.NestedServletException">org.springframework.web.util.NestedServletException: Request processing failed; nested exception is org.springframework.dao.EmptyResultDataAccessException: No class com.springboot.forent.Schedules entity with id 4 exists!
	at com.springboot.forent.SchedulesTest.testDeleteSchedule(SchedulesTest.java:49)
Caused by: org.springframework.dao.EmptyResultDataAccessException: No class com.springboot.forent.Schedules entity with id 4 exists!
	at com.springboot.forent.SchedulesTest.testDeleteSchedule(SchedulesTest.java:49)
</error>
  </testcase>
  <testcase name="testGetSchedule" classname="com.springboot.forent.SchedulesTest" time="0.02">
    <error message="No value present" type="java.util.NoSuchElementException">java.util.NoSuchElementException: No value present
	at com.springboot.forent.SchedulesTest.testGetSchedule(SchedulesTest.java:42)
</error>
  </testcase>
</testsuite>